<?xml version="1.0" encoding="UTF-8"?>
<testsuite xmlns:xsi="http://www.w3.org/2001/XMLSchema-instance" xsi:noNamespaceSchemaLocation="https://maven.apache.org/surefire/maven-surefire-plugin/xsd/surefire-test-report.xsd" name="com.animals.care.animalscare.service.ProductServiceTest" time="0.004" tests="12" errors="0" skipped="0" failures="0">
  <properties>
[...]
</properties>
  <testcase name="shouldFindNoProducts" classname="com.animals.care.animalscare.service.ProductServiceTest" time="0"/>
  <testcase name="shouldUpdateAProduct" classname="com.animals.care.animalscare.service.ProductServiceTest" time="0"/>
  <testcase name="shouldThrowsAnExceptionOnUpdateAProductWhenTheProductIsNotFound" classname="com.animals.care.animalscare.service.ProductServiceTest" time="0"/>
  <testcase name="shouldFindAllProducts" classname="com.animals.care.animalscare.service.ProductServiceTest" time="0"/>
  <testcase name="shouldFindNoProductsFilteringByName" classname="com.animals.care.animalscare.service.ProductServiceTest" time="0"/>
  <testcase name="shouldDeleteAProduct" classname="com.animals.care.animalscare.service.ProductServiceTest" time="0"/>
  <testcase name="shouldFindProductByProductId" classname="com.animals.care.animalscare.service.ProductServiceTest" time="0"/>
  <testcase name="shouldSaveAProduct" classname="com.animals.care.animalscare.service.ProductServiceTest" time="0"/>
  <testcase name="shouldThrowsAnExceptionWhenTheProductIsNotFoundByProductId" classname="com.animals.care.animalscare.service.ProductServiceTest" time="0"/>
  <testcase name="shouldNotFindAllUsingPredicateWhenProductFilterNameIsEmpty" classname="com.animals.care.animalscare.service.ProductServiceTest" time="0"/>
  <testcase name="shouldFindAllProductsFilteringByName" classname="com.animals.care.animalscare.service.ProductServiceTest" time="0"/>
  <testcase name="contextLoads" classname="com.animals.care.animalscare.service.ProductServiceTest" time="0"/>
</testsuite>